Change Component Comment : Designator=C1 Old Comment=10uF New Comment=
Change Component Comment : Designator=R4 Old Comment=18K New Comment=0805
Change Component Comment : Designator=C7 Old Comment=100nF New Comment=
Change Component Comment : Designator=C11 Old Comment=100nF New Comment=
Change Component Comment : Designator=C14 Old Comment=100nF New Comment=
Change Component Comment : Designator=C21 Old Comment=100nF New Comment=
Change Component Comment : Designator=C2 Old Comment=C0603 New Comment=
Change Component Comment : Designator=C12 Old Comment=C0603 New Comment=
Change Component Comment : Designator=K1 Old Comment=RPS  New Comment=RPS
Change Component Library : Designator=C1 Old Library=DE-100224.SchLib New Library=DE-260924.SchLib
Change Component Library : Designator=C11 Old Library=DE-100224.SchLib New Library=DE-260924.SchLib
Change Component Library : Designator=C2 Old Library=DE-150824.SchLib New Library=DE-260924.SchLib
Change Component Library : Designator=C7 Old Library=DE-220817.SchLib New Library=DE-260924.SchLib
Change Component Library : Designator=C12 Old Library=DE-250624.SchLib New Library=DE-260924.SchLib
Change Component Library : Designator=C14 Old Library=DE-251215.SchLib New Library=DE-260924.SchLib
Change Component Library : Designator=C21 Old Library=DE-251215.SchLib New Library=DE-260924.SchLib
Change component parameters: Designator = "C14" ("C14"); Footprint = "0603"; UniqueID = "\ITCHMKXM" ("\ITCHMKXM")
Change component parameters (AddParameter): Name = "Code_IPC"; Value = "1608 [0603]"; VariantName = "[No Variations]"
Change component parameters (AddParameter): Name = "Code_JEITA"; Value = "0603"; VariantName = "[No Variations]"
Change component parameters (AddParameter): Name = "ComponentLink1Description"; Value = "Manufacturer Link"; VariantName = "[No Variations]"
Change component parameters (AddParameter): Name = "ComponentLink1URL"; Value = "http://www.kemet.com/"; VariantName = "[No Variations]"
Change component parameters (AddParameter): Name = "ComponentLink2Description"; Value = "Datasheet"; VariantName = "[No Variations]"
Change component parameters (AddParameter): Name = "ComponentLink2URL"; Value = "http://www.kemet.com/kemet/web/homepage/kechome.nsf/vapubfilesname/F3102TA.pdf/$file/F3102TA.pdf"; VariantName = "[No Variations]"
Change component parameters (AddParameter): Name = "DatasheetDocument"; Value = "Mar-2001"; VariantName = "[No Variations]"
Change component parameters (AddParameter): Name = "LatestRevisionDate"; Value = "19-Mar-2004"; VariantName = "[No Variations]"
Change component parameters (AddParameter): Name = "LatestRevisionNote"; Value = "Silkscreen size reduced."; VariantName = "[No Variations]"
Change component parameters (AddParameter): Name = "Note"; Value = "Footprint corresponds to dimensions for bulk cassette packaging. This case size has tightened tolerances."; VariantName = "[No Variations]"
Change component parameters (AddParameter): Name = "PackageDocument"; Value = "Mar-2001"; VariantName = "[No Variations]"
Change component parameters (AddParameter): Name = "PackageReference"; Value = "0603"; VariantName = "[No Variations]"
Change component parameters (AddParameter): Name = "Published"; Value = "17-Jul-2002"; VariantName = "[No Variations]"
Change component parameters (AddParameter): Name = "Publisher"; Value = "Altium Limited"; VariantName = "[No Variations]"
Change component parameters (AddParameter): Name = "Value"; Value = "100nF"; VariantName = "[No Variations]"
Change component parameters: Designator = "C21" ("C21"); Footprint = "0603"; UniqueID = "\FEXPEIVJ" ("\FEXPEIVJ")
Change component parameters (AddParameter): Name = "Code_IPC"; Value = "1608 [0603]"; VariantName = "[No Variations]"
Change component parameters (AddParameter): Name = "Code_JEITA"; Value = "0603"; VariantName = "[No Variations]"
Change component parameters (AddParameter): Name = "ComponentLink1Description"; Value = "Manufacturer Link"; VariantName = "[No Variations]"
Change component parameters (AddParameter): Name = "ComponentLink1URL"; Value = "http://www.kemet.com/"; VariantName = "[No Variations]"
Change component parameters (AddParameter): Name = "ComponentLink2Description"; Value = "Datasheet"; VariantName = "[No Variations]"
Change component parameters (AddParameter): Name = "ComponentLink2URL"; Value = "http://www.kemet.com/kemet/web/homepage/kechome.nsf/vapubfilesname/F3102TA.pdf/$file/F3102TA.pdf"; VariantName = "[No Variations]"
Change component parameters (AddParameter): Name = "DatasheetDocument"; Value = "Mar-2001"; VariantName = "[No Variations]"
Change component parameters (AddParameter): Name = "LatestRevisionDate"; Value = "19-Mar-2004"; VariantName = "[No Variations]"
Change component parameters (AddParameter): Name = "LatestRevisionNote"; Value = "Silkscreen size reduced."; VariantName = "[No Variations]"
Change component parameters (AddParameter): Name = "Note"; Value = "Footprint corresponds to dimensions for bulk cassette packaging. This case size has tightened tolerances."; VariantName = "[No Variations]"
Change component parameters (AddParameter): Name = "PackageDocument"; Value = "Mar-2001"; VariantName = "[No Variations]"
Change component parameters (AddParameter): Name = "PackageReference"; Value = "0603"; VariantName = "[No Variations]"
Change component parameters (AddParameter): Name = "Published"; Value = "17-Jul-2002"; VariantName = "[No Variations]"
Change component parameters (AddParameter): Name = "Publisher"; Value = "Altium Limited"; VariantName = "[No Variations]"
Change component parameters (AddParameter): Name = "Value"; Value = "100nF"; VariantName = "[No Variations]"
Change component parameters: Designator = "R4" ("R4"); Footprint = "ERA-0805"; UniqueID = "\UPUUMXBR" ("\UPUUMXBR")
Change component parameters (AddParameter): Name = "Code_IPC"; Value = "2012 [0805]"; VariantName = "[No Variations]"
Change component parameters (AddParameter): Name = "ComponentLink1Description"; Value = "Manufacturer Link"; VariantName = "[No Variations]"
Change component parameters (AddParameter): Name = "ComponentLink1URL"; Value = "http://www.panasonic.com/industrial/components/resistive_products.htm"; VariantName = "[No Variations]"
Change component parameters (AddParameter): Name = "ComponentLink2Description"; Value = "Datasheet"; VariantName = "[No Variations]"
Change component parameters (AddParameter): Name = "ComponentLink2URL"; Value = "http://www.panasonic.com/industrial/components/pdf/AOF0000CE1.pdf"; VariantName = "[No Variations]"
Change component parameters (AddParameter): Name = "LatestRevisionDate"; Value = "19-Mar-2004"; VariantName = "[No Variations]"
Change component parameters (AddParameter): Name = "LatestRevisionNote"; Value = "Silkscreen size reduced."; VariantName = "[No Variations]"
Change component parameters (AddParameter): Name = "Note"; Value = "If flow soldering, adjust pad width of PCB Footprint to 0.7 - 0.8 times the width of the resistor."; VariantName = "[No Variations]"
Change component parameters (AddParameter): Name = "PackageDocument"; Value = "Mar-2003"; VariantName = "[No Variations]"
Change component parameters (AddParameter): Name = "PackageReference"; Value = "ERA-0805"; VariantName = "[No Variations]"
Change component parameters (AddParameter): Name = "Published"; Value = "17-Dec-2003"; VariantName = "[No Variations]"
Change component parameters (AddParameter): Name = "Publisher"; Value = "Altium Limited"; VariantName = "[No Variations]"
Change component parameters (AddParameter): Name = "Value"; Value = "18K"; VariantName = "[No Variations]"
Add Component: Footprint Not Found 0603
Added Component: Designator=C19(0805)
Add component (AddParameter): Name = "Code_IPC"; Value = "2012[0805]"; VariantName = "[No Variations]"
Add component (AddParameter): Name = "Code_JEITA"; Value = "0805"; VariantName = "[No Variations]"
Add component (AddParameter): Name = "ComponentLink1Description"; Value = "Manufacturer Link"; VariantName = "[No Variations]"
Add component (AddParameter): Name = "ComponentLink1URL"; Value = "http://www.kemet.com/"; VariantName = "[No Variations]"
Add component (AddParameter): Name = "ComponentLink2Description"; Value = "Datasheet"; VariantName = "[No Variations]"
Add component (AddParameter): Name = "ComponentLink2URL"; Value = "http://www.kemet.com/kemet/web/homepage/kechome.nsf/vapubfilesname/F3102TA.pdf/$file/F3102TA.pdf"; VariantName = "[No Variations]"
Add component (AddParameter): Name = "DatasheetDocument"; Value = "Mar-2001"; VariantName = "[No Variations]"
Add component (AddParameter): Name = "LatestRevisionDate"; Value = "19-Mar-2004"; VariantName = "[No Variations]"
Add component (AddParameter): Name = "LatestRevisionNote"; Value = "Silkscreen size reduced."; VariantName = "[No Variations]"
Add component (AddParameter): Name = "Note"; Value = "Footprint corresponds to dimensions for bulk cassette packaging. This case size has tightened tolerances."; VariantName = "[No Variations]"
Add component (AddParameter): Name = "PackageDocument"; Value = "Mar-2001"; VariantName = "[No Variations]"
Add component (AddParameter): Name = "PackageReference"; Value = "0805"; VariantName = "[No Variations]"
Add component (AddParameter): Name = "Published"; Value = "17-Jul-2002"; VariantName = "[No Variations]"
Add component (AddParameter): Name = "Publisher"; Value = "Altium Limited"; VariantName = "[No Variations]"
Add component (AddParameter): Name = "Value"; Value = "4u7"; VariantName = "[No Variations]"
Added Component: Designator=C20(0603)
Add component (AddParameter): Name = "Code_IPC"; Value = "1608 [0603]"; VariantName = "[No Variations]"
Add component (AddParameter): Name = "Code_JEITA"; Value = "0603"; VariantName = "[No Variations]"
Add component (AddParameter): Name = "ComponentLink1Description"; Value = "Manufacturer Link"; VariantName = "[No Variations]"
Add component (AddParameter): Name = "ComponentLink1URL"; Value = "http://www.kemet.com/"; VariantName = "[No Variations]"
Add component (AddParameter): Name = "ComponentLink2Description"; Value = "Datasheet"; VariantName = "[No Variations]"
Add component (AddParameter): Name = "ComponentLink2URL"; Value = "http://www.kemet.com/kemet/web/homepage/kechome.nsf/vapubfilesname/F3102TA.pdf/$file/F3102TA.pdf"; VariantName = "[No Variations]"
Add component (AddParameter): Name = "DatasheetDocument"; Value = "Mar-2001"; VariantName = "[No Variations]"
Add component (AddParameter): Name = "LatestRevisionDate"; Value = "19-Mar-2004"; VariantName = "[No Variations]"
Add component (AddParameter): Name = "LatestRevisionNote"; Value = "Silkscreen size reduced."; VariantName = "[No Variations]"
Add component (AddParameter): Name = "Note"; Value = "Footprint corresponds to dimensions for bulk cassette packaging. This case size has tightened tolerances."; VariantName = "[No Variations]"
Add component (AddParameter): Name = "PackageDocument"; Value = "Mar-2001"; VariantName = "[No Variations]"
Add component (AddParameter): Name = "PackageReference"; Value = "0603"; VariantName = "[No Variations]"
Add component (AddParameter): Name = "Published"; Value = "17-Jul-2002"; VariantName = "[No Variations]"
Add component (AddParameter): Name = "Publisher"; Value = "Altium Limited"; VariantName = "[No Variations]"
Add component (AddParameter): Name = "Value"; Value = "1uF"; VariantName = "[No Variations]"
Add Component: Footprint Not Found DCK3_N
Add Pin To Net: Unknown Pin: Pin C18-1
Add Pin To Net: Unknown Pin: Pin C18-2
Added Pin To Net: NetName=NetC19_1 Pin=C19-1
Added Pin To Net: NetName=GND Pin=C19-2
Added Pin To Net: NetName=TRAFO_VOLT Pin=C20-1
Added Pin To Net: NetName=GND Pin=C20-2
Add Pin To Net: Unknown Pin: Pin P1-P?
Add Pin To Net: Unknown Pin: Pin P2-P?
Add Pin To Net: Unknown Pin: Pin P3-P?
Add Pin To Net: Unknown Pin: Pin P4-P?
Add Pin To Net: Unknown Pin: Pin P9-P?
Add Pin To Net: Unknown Pin: Pin P10-P?
Add Pin To Net: Unknown Pin: Pin P12-P?
Add Pin To Net: Unknown Pin: Pin P14-P?
Add Pin To Net: Unknown Pin: Pin U4-1
Add Pin To Net: Unknown Pin: Pin U4-2
Add Pin To Net: Unknown Pin: Pin U4-3
Add Class Member: Failed to add class member : Component C18 1uF
Added Member To Class: ClassName=DE-260924 Member=Component C19
Added Member To Class: ClassName=DE-260924 Member=Component C20
Add Class Member: Failed to add class member : Component U4 ESDS552
