Change Component Footprint: Designator=C5 Old Footprint=CAPPR7.5-16X25 New Footprint=CAPPR5-13X25
Change Component Comment : Designator=C5 Old Comment=2200uF New Comment=4700uF
Change component parameters (AddParameter): Name = "ComponentLink1Description"; Value = "Manufacturer Link"; VariantName = "[No Variations]"
Change component parameters (AddParameter): Name = "ComponentLink1URL"; Value = "http://www.vishay.com/"; VariantName = "[No Variations]"
Change component parameters (AddParameter): Name = "ComponentLink2Description"; Value = "Datasheet"; VariantName = "[No Variations]"
Change component parameters (AddParameter): Name = "ComponentLink2URL"; Value = "http://www.vishay.com/docs/25014/eka.pdf"; VariantName = "[No Variations]"
Change component parameters (AddParameter): Name = "DatasheetDocument"; Value = "20-Feb-2001"; VariantName = "[No Variations]"
Change component parameters (AddParameter): Name = "DrillSize"; Value = "Nominal, Rounded To The Nearest 0.1mm"; VariantName = "[No Variations]"
Change component parameters (AddParameter): Name = "Note"; Value = "Refer to Manufacturer's Data Sheets for other lead formations"; VariantName = "[No Variations]"
Change component parameters (AddParameter): Name = "PackageReference"; Value = "CAPPR5-13X25"; VariantName = "[No Variations]"
Change component parameters (AddParameter): Name = "Published"; Value = "19-Mar-2004"; VariantName = "[No Variations]"
Change component parameters (AddParameter): Name = "Publisher"; Value = "Altium Limited"; VariantName = "[No Variations]"
Change component parameters (AddParameter): Name = "Value"; Value = "4700uF"; VariantName = "[No Variations]"
Change component parameters. Clean all parameters for all variants
Change component parameters (AddParameter): Name = "ComponentLink1Description"; Value = "Manufacturer Link"; VariantName = "[No Variations]"
Change component parameters (AddParameter): Name = "ComponentLink1URL"; Value = "http://www.vishay.com/"; VariantName = "[No Variations]"
Change component parameters (AddParameter): Name = "ComponentLink2Description"; Value = "Datasheet"; VariantName = "[No Variations]"
Change component parameters (AddParameter): Name = "ComponentLink2URL"; Value = "http://www.vishay.com/docs/25014/eka.pdf"; VariantName = "[No Variations]"
Change component parameters (AddParameter): Name = "DatasheetDocument"; Value = "20-Feb-2001"; VariantName = "[No Variations]"
Change component parameters (AddParameter): Name = "DrillSize"; Value = "Nominal, Rounded To The Nearest 0.1mm"; VariantName = "[No Variations]"
Change component parameters (AddParameter): Name = "Note"; Value = "Refer to Manufacturer's Data Sheets for other lead formations"; VariantName = "[No Variations]"
Change component parameters (AddParameter): Name = "PackageReference"; Value = "CAPPR5-13X25"; VariantName = "[No Variations]"
Change component parameters (AddParameter): Name = "Published"; Value = "19-Mar-2004"; VariantName = "[No Variations]"
Change component parameters (AddParameter): Name = "Publisher"; Value = "Altium Limited"; VariantName = "[No Variations]"
Change component parameters (AddParameter): Name = "Value"; Value = "4700uF"; VariantName = "[No Variations]"
